<?xml version="1.0" encoding="UTF-8"?>
<!-- Generated by org.testng.reporters.JUnitReportReporter -->
<testsuite hostname="LAPTOP-EOK2EVU3" failures="0" tests="3" name="com.qa.tests.LoginTests" time="17.018" errors="0" timestamp="2022-07-11T23:16:45 IST" skipped="0">
  <testcase classname="com.qa.tests.LoginTests" name="invalidPassword" time="5.296"/>
  <system-out/>
  <testcase classname="com.qa.tests.LoginTests" name="successfulLogin" time="6.108"/>
  <system-out/>
  <testcase classname="com.qa.tests.LoginTests" name="invalidUserName" time="5.614"/>
  <system-out/>
</testsuite> <!-- com.qa.tests.LoginTests -->
