<?xml version="1.0" encoding="UTF-8"?>
<!-- Generated by org.testng.reporters.JUnitReportReporter -->
<testsuite hostname="LAPTOP-EOK2EVU3" failures="0" tests="2" name="com.qa.tests.ProductTests" time="23.345" errors="0" timestamp="2022-07-11T23:16:45 IST" skipped="0">
  <testcase classname="com.qa.tests.ProductTests" name="validateProductOnProductDetailsPage" time="14.272"/>
  <system-out/>
  <testcase classname="com.qa.tests.ProductTests" name="validateProductOnProductsPage" time="9.073"/>
  <system-out/>
</testsuite> <!-- com.qa.tests.ProductTests -->
