<?xml version="1.0" encoding="UTF-8"?>
<!-- Generated by org.testng.reporters.JUnitReportReporter -->
<testsuite hostname="LAPTOP-EOK2EVU3" failures="0" tests="2" name="com.qa.tests.ProductTests" time="22.453" errors="0" timestamp="2022-07-11T23:27:22 IST" skipped="0">
  <testcase classname="com.qa.tests.ProductTests" name="validateProductOnProductDetailsPage" time="13.844"/>
  <system-out/>
  <testcase classname="com.qa.tests.ProductTests" name="validateProductOnProductsPage" time="8.609"/>
  <system-out/>
</testsuite> <!-- com.qa.tests.ProductTests -->
