<?xml version="1.0" encoding="UTF-8"?>
<!-- Generated by org.testng.reporters.JUnitReportReporter -->
<testsuite hostname="LAPTOP-EOK2EVU3" failures="0" tests="3" name="com.qa.tests.LoginTests" time="25.875" errors="0" timestamp="2022-07-11T23:27:22 IST" skipped="0">
  <testcase classname="com.qa.tests.LoginTests" name="successfulLogin" time="7.599"/>
  <system-out/>
  <testcase classname="com.qa.tests.LoginTests" name="invalidPassword" time="13.149"/>
  <system-out/>
  <testcase classname="com.qa.tests.LoginTests" name="invalidUserName" time="5.127"/>
  <system-out/>
</testsuite> <!-- com.qa.tests.LoginTests -->
